mode: set
service-courier/internal/factory/delivery_time_factory.go:9.52,11.2 1 1
service-courier/internal/factory/delivery_time_factory.go:13.81,16.23 2 1
service-courier/internal/factory/delivery_time_factory.go:17.17,18.35 1 1
service-courier/internal/factory/delivery_time_factory.go:19.17,20.35 1 1
service-courier/internal/factory/delivery_time_factory.go:21.13,22.34 1 1
service-courier/internal/factory/delivery_time_factory.go:23.10,24.35 1 1
service-courier/pkg/config/config.go:24.30,32.49 5 1
service-courier/pkg/config/config.go:32.49,33.50 1 1
service-courier/pkg/config/config.go:33.50,35.4 1 1
service-courier/pkg/config/config.go:37.2,37.20 1 1
service-courier/pkg/config/config.go:37.20,39.3 1 0
service-courier/pkg/config/config.go:42.2,43.62 2 1
service-courier/pkg/config/config.go:43.62,44.52 1 1
service-courier/pkg/config/config.go:44.52,46.4 1 1
service-courier/pkg/config/config.go:49.2,58.8 1 1
service-courier/pkg/config/config.go:61.46,62.42 1 1
service-courier/pkg/config/config.go:62.42,64.3 1 1
service-courier/pkg/config/config.go:65.2,65.21 1 1
service-courier/pkg/database/postgres.go:11.81,18.16 3 1
service-courier/pkg/database/postgres.go:18.16,20.3 1 0
service-courier/pkg/database/postgres.go:22.2,22.39 1 1
service-courier/pkg/database/postgres.go:22.39,24.3 1 1
service-courier/pkg/database/postgres.go:26.2,26.18 1 0
service-courier/internal/service/background.go:15.119,20.2 1 1
service-courier/internal/service/background.go:22.68,28.6 4 0
service-courier/internal/service/background.go:28.6,29.10 1 0
service-courier/internal/service/background.go:30.21,32.10 2 0
service-courier/internal/service/background.go:33.19,34.33 1 0
service-courier/internal/service/background.go:39.73,41.16 2 1
service-courier/internal/service/background.go:41.16,44.3 2 1
service-courier/internal/service/background.go:46.2,46.33 1 1
service-courier/internal/service/background.go:46.33,48.3 1 1
service-courier/internal/service/background.go:50.2,52.45 2 1
service-courier/internal/service/background.go:52.45,54.3 1 1
service-courier/internal/service/background.go:56.2,56.69 1 1
service-courier/internal/service/background.go:56.69,59.3 2 0
service-courier/internal/service/background.go:61.2,61.74 1 1
service-courier/internal/service/courier.go:13.74,15.2 1 1
service-courier/internal/service/courier.go:17.118,19.59 1 1
service-courier/internal/service/courier.go:19.59,21.3 1 0
service-courier/internal/service/courier.go:23.2,23.32 1 1
service-courier/internal/service/courier.go:23.32,25.3 1 1
service-courier/internal/service/courier.go:27.3,27.30 1 1
service-courier/internal/service/courier.go:27.30,29.3 1 0
service-courier/internal/service/courier.go:30.2,30.46 1 1
service-courier/internal/service/courier.go:30.46,32.3 1 1
service-courier/internal/service/courier.go:34.2,41.59 2 1
service-courier/internal/service/courier.go:41.59,42.42 1 1
service-courier/internal/service/courier.go:42.42,44.4 1 1
service-courier/internal/service/courier.go:45.3,45.18 1 0
service-courier/internal/service/courier.go:48.2,48.21 1 1
service-courier/internal/service/courier.go:51.92,52.13 1 1
service-courier/internal/service/courier.go:52.13,54.3 1 0
service-courier/internal/service/courier.go:56.2,57.16 2 1
service-courier/internal/service/courier.go:57.16,58.43 1 1
service-courier/internal/service/courier.go:58.43,60.4 1 0
service-courier/internal/service/courier.go:61.3,61.18 1 1
service-courier/internal/service/courier.go:64.2,64.21 1 1
service-courier/internal/service/courier.go:67.88,69.2 1 1
service-courier/internal/service/courier.go:71.118,72.17 1 1
service-courier/internal/service/courier.go:72.17,74.3 1 0
service-courier/internal/service/courier.go:76.2,77.16 2 1
service-courier/internal/service/courier.go:77.16,78.43 1 1
service-courier/internal/service/courier.go:78.43,80.4 1 1
service-courier/internal/service/courier.go:81.3,81.18 1 0
service-courier/internal/service/courier.go:84.2,84.21 1 1
service-courier/internal/service/courier.go:84.21,86.3 1 1
service-courier/internal/service/courier.go:87.2,87.22 1 1
service-courier/internal/service/courier.go:87.22,89.3 1 1
service-courier/internal/service/courier.go:90.2,90.23 1 1
service-courier/internal/service/courier.go:90.23,91.34 1 1
service-courier/internal/service/courier.go:91.34,93.4 1 1
service-courier/internal/service/courier.go:94.3,94.32 1 1
service-courier/internal/service/courier.go:97.3,97.31 1 1
service-courier/internal/service/courier.go:97.31,98.48 1 1
service-courier/internal/service/courier.go:98.48,100.4 1 0
service-courier/internal/service/courier.go:101.3,101.46 1 1
service-courier/internal/service/courier.go:104.2,104.60 1 1
service-courier/internal/service/courier.go:104.60,105.42 1 0
service-courier/internal/service/courier.go:105.42,107.4 1 0
service-courier/internal/service/courier.go:108.3,108.18 1 0
service-courier/internal/service/courier.go:111.2,111.22 1 1
service-courier/internal/service/courier.go:114.40,121.2 2 1
service-courier/internal/service/courier.go:123.54,130.2 2 1
service-courier/internal/service/delivery.go:21.19,27.2 1 1
service-courier/internal/service/delivery.go:29.119,30.23 1 1
service-courier/internal/service/delivery.go:30.23,32.3 1 1
service-courier/internal/service/delivery.go:34.2,35.16 2 1
service-courier/internal/service/delivery.go:35.16,36.47 1 1
service-courier/internal/service/delivery.go:36.47,38.4 1 1
service-courier/internal/service/delivery.go:39.3,39.18 1 0
service-courier/internal/service/delivery.go:42.2,52.66 4 1
service-courier/internal/service/delivery.go:52.66,54.3 1 1
service-courier/internal/service/delivery.go:56.2,56.69 1 1
service-courier/internal/service/delivery.go:56.69,60.3 3 1
service-courier/internal/service/delivery.go:62.2,67.8 1 1
service-courier/internal/service/delivery.go:70.125,71.23 1 1
service-courier/internal/service/delivery.go:71.23,73.3 1 1
service-courier/internal/service/delivery.go:75.2,76.16 2 1
service-courier/internal/service/delivery.go:76.16,77.44 1 1
service-courier/internal/service/delivery.go:77.44,79.4 1 1
service-courier/internal/service/delivery.go:80.3,80.18 1 0
service-courier/internal/service/delivery.go:83.2,84.16 2 1
service-courier/internal/service/delivery.go:84.16,86.3 1 1
service-courier/internal/service/delivery.go:88.2,89.66 2 1
service-courier/internal/service/delivery.go:89.66,91.3 1 1
service-courier/internal/service/delivery.go:93.2,93.72 1 1
service-courier/internal/service/delivery.go:93.72,97.3 3 1
service-courier/internal/service/delivery.go:99.2,103.8 1 1
service-courier/internal/handler/courier.go:14.70,17.16 3 1
service-courier/internal/handler/courier.go:17.16,20.3 2 1
service-courier/internal/handler/courier.go:22.2,23.16 2 1
service-courier/internal/handler/courier.go:23.16,24.14 1 1
service-courier/internal/handler/courier.go:25.32,26.57 1 0
service-courier/internal/handler/courier.go:27.35,28.58 1 1
service-courier/internal/handler/courier.go:29.11,30.68 1 0
service-courier/internal/handler/courier.go:32.3,32.9 1 1
service-courier/internal/handler/courier.go:35.2,35.38 1 1
service-courier/internal/handler/courier.go:38.71,40.16 2 1
service-courier/internal/handler/courier.go:40.16,43.3 2 0
service-courier/internal/handler/courier.go:45.2,45.39 1 1
service-courier/internal/handler/courier.go:48.73,50.61 2 1
service-courier/internal/handler/courier.go:50.61,53.3 2 1
service-courier/internal/handler/courier.go:55.2,56.16 2 1
service-courier/internal/handler/courier.go:56.16,57.14 1 1
service-courier/internal/handler/courier.go:58.58,59.53 1 1
service-courier/internal/handler/courier.go:60.34,61.57 1 1
service-courier/internal/handler/courier.go:62.11,63.68 1 0
service-courier/internal/handler/courier.go:65.3,65.9 1 1
service-courier/internal/handler/courier.go:68.2,68.43 1 1
service-courier/internal/handler/courier.go:71.73,73.61 2 1
service-courier/internal/handler/courier.go:73.61,76.3 2 1
service-courier/internal/handler/courier.go:78.2,79.16 2 1
service-courier/internal/handler/courier.go:79.16,80.14 1 1
service-courier/internal/handler/courier.go:81.58,82.53 1 1
service-courier/internal/handler/courier.go:83.35,84.58 1 1
service-courier/internal/handler/courier.go:85.34,86.57 1 1
service-courier/internal/handler/courier.go:87.11,88.68 1 0
service-courier/internal/handler/courier.go:90.3,90.9 1 1
service-courier/internal/handler/courier.go:93.2,93.38 1 1
service-courier/internal/handler/courier.go:97.69,101.2 3 1
service-courier/internal/handler/courier.go:103.68,107.2 3 1
service-courier/internal/handler/delivery.go:10.73,12.61 2 1
service-courier/internal/handler/delivery.go:12.61,15.3 2 0
service-courier/internal/handler/delivery.go:17.2,18.16 2 1
service-courier/internal/handler/delivery.go:18.16,19.14 1 1
service-courier/internal/handler/delivery.go:20.32,21.57 1 0
service-courier/internal/handler/delivery.go:22.39,23.63 1 1
service-courier/internal/handler/delivery.go:24.11,25.68 1 0
service-courier/internal/handler/delivery.go:27.3,27.9 1 1
service-courier/internal/handler/delivery.go:30.2,30.39 1 1
service-courier/internal/handler/delivery.go:33.75,35.61 2 1
service-courier/internal/handler/delivery.go:35.61,38.3 2 1
service-courier/internal/handler/delivery.go:40.2,41.16 2 1
service-courier/internal/handler/delivery.go:41.16,42.14 1 1
service-courier/internal/handler/delivery.go:43.32,44.57 1 1
service-courier/internal/handler/delivery.go:45.36,46.60 1 1
service-courier/internal/handler/delivery.go:47.11,48.68 1 0
service-courier/internal/handler/delivery.go:50.3,50.9 1 1
service-courier/internal/handler/delivery.go:53.2,53.39 1 1
service-courier/internal/handler/handler.go:16.110,33.2 11 1
service-courier/internal/handler/healthcheck.go:5.64,7.2 1 1
service-courier/internal/handler/ping.go:8.57,11.2 2 1
service-courier/internal/repository/courier.go:20.65,22.2 1 1
service-courier/internal/repository/courier.go:24.94,40.16 3 1
service-courier/internal/repository/courier.go:40.16,41.31 1 1
service-courier/internal/repository/courier.go:41.31,43.4 1 1
service-courier/internal/repository/courier.go:44.3,44.57 1 0
service-courier/internal/repository/courier.go:47.2,47.12 1 1
service-courier/internal/repository/courier.go:50.95,68.35 4 1
service-courier/internal/repository/courier.go:68.35,70.3 1 1
service-courier/internal/repository/courier.go:71.2,71.16 1 1
service-courier/internal/repository/courier.go:71.16,73.3 1 0
service-courier/internal/repository/courier.go:75.2,75.22 1 1
service-courier/internal/repository/courier.go:78.91,86.16 3 1
service-courier/internal/repository/courier.go:86.16,88.3 1 0
service-courier/internal/repository/courier.go:89.2,92.18 3 1
service-courier/internal/repository/courier.go:92.18,102.17 2 1
service-courier/internal/repository/courier.go:102.17,104.4 1 0
service-courier/internal/repository/courier.go:105.3,105.40 1 1
service-courier/internal/repository/courier.go:108.2,108.22 1 1
service-courier/internal/repository/courier.go:111.94,127.16 3 1
service-courier/internal/repository/courier.go:127.16,128.31 1 0
service-courier/internal/repository/courier.go:128.31,130.4 1 0
service-courier/internal/repository/courier.go:131.3,131.57 1 0
service-courier/internal/repository/courier.go:134.2,134.32 1 1
service-courier/internal/repository/courier.go:134.32,136.3 1 1
service-courier/internal/repository/courier.go:138.2,138.12 1 1
service-courier/internal/repository/courier.go:141.42,143.2 1 1
service-courier/internal/repository/delivery.go:16.67,18.2 1 1
service-courier/internal/repository/delivery.go:20.98,34.16 3 1
service-courier/internal/repository/delivery.go:34.16,36.3 1 0
service-courier/internal/repository/delivery.go:38.2,38.12 1 1
service-courier/internal/repository/delivery.go:41.113,57.26 4 1
service-courier/internal/repository/delivery.go:57.26,59.3 1 1
service-courier/internal/repository/delivery.go:60.2,60.16 1 1
service-courier/internal/repository/delivery.go:60.16,62.3 1 0
service-courier/internal/repository/delivery.go:64.2,64.23 1 1
service-courier/internal/repository/delivery.go:67.88,71.16 3 1
service-courier/internal/repository/delivery.go:71.16,73.3 1 0
service-courier/internal/repository/delivery.go:75.2,75.32 1 1
service-courier/internal/repository/delivery.go:75.32,77.3 1 0
service-courier/internal/repository/delivery.go:79.2,79.12 1 1
service-courier/internal/repository/delivery.go:82.95,99.26 4 1
service-courier/internal/repository/delivery.go:99.26,101.3 1 1
service-courier/internal/repository/delivery.go:102.2,102.16 1 1
service-courier/internal/repository/delivery.go:102.16,104.3 1 0
service-courier/internal/repository/delivery.go:106.2,106.22 1 1
service-courier/internal/repository/delivery.go:109.99,117.16 3 1
service-courier/internal/repository/delivery.go:117.16,119.3 1 0
service-courier/internal/repository/delivery.go:120.2,123.18 3 1
service-courier/internal/repository/delivery.go:123.18,131.17 2 1
service-courier/internal/repository/delivery.go:131.17,133.4 1 0
service-courier/internal/repository/delivery.go:134.3,134.45 1 1
service-courier/internal/repository/delivery.go:137.2,137.24 1 1
service-courier/internal/repository/delivery.go:140.90,141.26 1 1
service-courier/internal/repository/delivery.go:141.26,143.3 1 0
service-courier/internal/repository/delivery.go:145.2,158.16 3 1
service-courier/internal/repository/delivery.go:158.16,160.3 1 0
service-courier/internal/repository/delivery.go:162.2,162.12 1 1
service-courier/internal/repository/delivery.go:165.106,189.26 5 1
service-courier/internal/repository/delivery.go:189.26,191.3 1 0
service-courier/internal/repository/delivery.go:192.2,192.16 1 1
service-courier/internal/repository/delivery.go:192.16,194.3 1 0
service-courier/internal/repository/delivery.go:196.2,196.22 1 1
service-courier/cmd/main.go:17.13,19.2 1 0
service-courier/cmd/main.go:21.13,23.16 2 0
service-courier/cmd/main.go:23.16,25.3 1 0
service-courier/cmd/main.go:27.2,31.16 4 0
service-courier/cmd/main.go:31.16,33.3 1 0
service-courier/cmd/main.go:34.2,49.32 10 0
service-courier/internal/mocks/courier_repository.go:18.95,21.19 2 0
service-courier/internal/mocks/courier_repository.go:21.19,22.55 1 0
service-courier/internal/mocks/courier_repository.go:25.2,26.76 2 0
service-courier/internal/mocks/courier_repository.go:26.76,28.3 1 0
service-courier/internal/mocks/courier_repository.go:28.8,30.3 1 0
service-courier/internal/mocks/courier_repository.go:32.2,32.11 1 0
service-courier/internal/mocks/courier_repository.go:36.92,39.19 2 0
service-courier/internal/mocks/courier_repository.go:39.19,40.56 1 0
service-courier/internal/mocks/courier_repository.go:43.2,45.80 3 0
service-courier/internal/mocks/courier_repository.go:45.80,47.3 1 0
service-courier/internal/mocks/courier_repository.go:48.2,48.71 1 0
service-courier/internal/mocks/courier_repository.go:48.71,50.3 1 0
service-courier/internal/mocks/courier_repository.go:50.8,51.24 1 0
service-courier/internal/mocks/courier_repository.go:51.24,53.4 1 0
service-courier/internal/mocks/courier_repository.go:56.2,56.60 1 0
service-courier/internal/mocks/courier_repository.go:56.60,58.3 1 0
service-courier/internal/mocks/courier_repository.go:58.8,60.3 1 0
service-courier/internal/mocks/courier_repository.go:62.2,62.15 1 0
service-courier/internal/mocks/courier_repository.go:66.96,69.19 2 0
service-courier/internal/mocks/courier_repository.go:69.19,70.52 1 0
service-courier/internal/mocks/courier_repository.go:73.2,75.85 3 0
service-courier/internal/mocks/courier_repository.go:75.85,77.3 1 0
service-courier/internal/mocks/courier_repository.go:78.2,78.76 1 0
service-courier/internal/mocks/courier_repository.go:78.76,80.3 1 0
service-courier/internal/mocks/courier_repository.go:80.8,81.24 1 0
service-courier/internal/mocks/courier_repository.go:81.24,83.4 1 0
service-courier/internal/mocks/courier_repository.go:86.2,86.67 1 0
service-courier/internal/mocks/courier_repository.go:86.67,88.3 1 0
service-courier/internal/mocks/courier_repository.go:88.8,90.3 1 0
service-courier/internal/mocks/courier_repository.go:92.2,92.15 1 0
service-courier/internal/mocks/courier_repository.go:96.95,99.19 2 0
service-courier/internal/mocks/courier_repository.go:99.19,100.55 1 0
service-courier/internal/mocks/courier_repository.go:103.2,104.76 2 0
service-courier/internal/mocks/courier_repository.go:104.76,106.3 1 0
service-courier/internal/mocks/courier_repository.go:106.8,108.3 1 0
service-courier/internal/mocks/courier_repository.go:110.2,110.11 1 0
service-courier/internal/mocks/courier_repository.go:118.23,122.19 3 0
service-courier/internal/mocks/courier_repository.go:122.19,122.49 1 0
service-courier/internal/mocks/courier_repository.go:124.2,124.13 1 0
service-courier/internal/mocks/courier_service.go:18.119,21.19 2 0
service-courier/internal/mocks/courier_service.go:21.19,22.55 1 0
service-courier/internal/mocks/courier_service.go:25.2,27.107 3 0
service-courier/internal/mocks/courier_service.go:27.107,29.3 1 0
service-courier/internal/mocks/courier_service.go:30.2,30.98 1 0
service-courier/internal/mocks/courier_service.go:30.98,32.3 1 0
service-courier/internal/mocks/courier_service.go:32.8,33.24 1 0
service-courier/internal/mocks/courier_service.go:33.24,35.4 1 0
service-courier/internal/mocks/courier_service.go:38.2,38.89 1 0
service-courier/internal/mocks/courier_service.go:38.89,40.3 1 0
service-courier/internal/mocks/courier_service.go:40.8,42.3 1 0
service-courier/internal/mocks/courier_service.go:44.2,44.15 1 0
service-courier/internal/mocks/courier_service.go:48.89,51.19 2 0
service-courier/internal/mocks/courier_service.go:51.19,52.56 1 0
service-courier/internal/mocks/courier_service.go:55.2,57.80 3 0
service-courier/internal/mocks/courier_service.go:57.80,59.3 1 0
service-courier/internal/mocks/courier_service.go:60.2,60.71 1 0
service-courier/internal/mocks/courier_service.go:60.71,62.3 1 0
service-courier/internal/mocks/courier_service.go:62.8,63.24 1 0
service-courier/internal/mocks/courier_service.go:63.24,65.4 1 0
service-courier/internal/mocks/courier_service.go:68.2,68.60 1 0
service-courier/internal/mocks/courier_service.go:68.60,70.3 1 0
service-courier/internal/mocks/courier_service.go:70.8,72.3 1 0
service-courier/internal/mocks/courier_service.go:74.2,74.15 1 0
service-courier/internal/mocks/courier_service.go:78.93,81.19 2 0
service-courier/internal/mocks/courier_service.go:81.19,82.52 1 0
service-courier/internal/mocks/courier_service.go:85.2,87.85 3 0
service-courier/internal/mocks/courier_service.go:87.85,89.3 1 0
service-courier/internal/mocks/courier_service.go:90.2,90.76 1 0
service-courier/internal/mocks/courier_service.go:90.76,92.3 1 0
service-courier/internal/mocks/courier_service.go:92.8,93.24 1 0
service-courier/internal/mocks/courier_service.go:93.24,95.4 1 0
service-courier/internal/mocks/courier_service.go:98.2,98.67 1 0
service-courier/internal/mocks/courier_service.go:98.67,100.3 1 0
service-courier/internal/mocks/courier_service.go:100.8,102.3 1 0
service-courier/internal/mocks/courier_service.go:104.2,104.15 1 0
service-courier/internal/mocks/courier_service.go:108.119,111.19 2 0
service-courier/internal/mocks/courier_service.go:111.19,112.55 1 0
service-courier/internal/mocks/courier_service.go:115.2,117.107 3 0
service-courier/internal/mocks/courier_service.go:117.107,119.3 1 0
service-courier/internal/mocks/courier_service.go:120.2,120.98 1 0
service-courier/internal/mocks/courier_service.go:120.98,122.3 1 0
service-courier/internal/mocks/courier_service.go:122.8,123.24 1 0
service-courier/internal/mocks/courier_service.go:123.24,125.4 1 0
service-courier/internal/mocks/courier_service.go:128.2,128.89 1 0
service-courier/internal/mocks/courier_service.go:128.89,130.3 1 0
service-courier/internal/mocks/courier_service.go:130.8,132.3 1 0
service-courier/internal/mocks/courier_service.go:134.2,134.15 1 0
service-courier/internal/mocks/courier_service.go:142.20,146.19 3 0
service-courier/internal/mocks/courier_service.go:146.19,146.49 1 0
service-courier/internal/mocks/courier_service.go:148.2,148.13 1 0
service-courier/internal/mocks/delivery_repository.go:18.99,21.19 2 0
service-courier/internal/mocks/delivery_repository.go:21.19,22.56 1 0
service-courier/internal/mocks/delivery_repository.go:25.2,26.77 2 0
service-courier/internal/mocks/delivery_repository.go:26.77,28.3 1 0
service-courier/internal/mocks/delivery_repository.go:28.8,30.3 1 0
service-courier/internal/mocks/delivery_repository.go:32.2,32.11 1 0
service-courier/internal/mocks/delivery_repository.go:36.89,39.19 2 0
service-courier/internal/mocks/delivery_repository.go:39.19,40.56 1 0
service-courier/internal/mocks/delivery_repository.go:43.2,44.68 2 0
service-courier/internal/mocks/delivery_repository.go:44.68,46.3 1 0
service-courier/internal/mocks/delivery_repository.go:46.8,48.3 1 0
service-courier/internal/mocks/delivery_repository.go:50.2,50.11 1 0
service-courier/internal/mocks/delivery_repository.go:54.91,57.19 2 0
service-courier/internal/mocks/delivery_repository.go:57.19,58.54 1 0
service-courier/internal/mocks/delivery_repository.go:61.2,62.69 2 0
service-courier/internal/mocks/delivery_repository.go:62.69,64.3 1 0
service-courier/internal/mocks/delivery_repository.go:64.8,66.3 1 0
service-courier/internal/mocks/delivery_repository.go:68.2,68.11 1 0
service-courier/internal/mocks/delivery_repository.go:72.96,75.19 2 0
service-courier/internal/mocks/delivery_repository.go:75.19,76.61 1 0
service-courier/internal/mocks/delivery_repository.go:79.2,81.78 3 0
service-courier/internal/mocks/delivery_repository.go:81.78,83.3 1 0
service-courier/internal/mocks/delivery_repository.go:84.2,84.69 1 0
service-courier/internal/mocks/delivery_repository.go:84.69,86.3 1 0
service-courier/internal/mocks/delivery_repository.go:86.8,87.24 1 0
service-courier/internal/mocks/delivery_repository.go:87.24,89.4 1 0
service-courier/internal/mocks/delivery_repository.go:92.2,92.60 1 0
service-courier/internal/mocks/delivery_repository.go:92.60,94.3 1 0
service-courier/internal/mocks/delivery_repository.go:94.8,96.3 1 0
service-courier/internal/mocks/delivery_repository.go:98.2,98.15 1 0
service-courier/internal/mocks/delivery_repository.go:102.107,105.19 2 0
service-courier/internal/mocks/delivery_repository.go:105.19,106.72 1 0
service-courier/internal/mocks/delivery_repository.go:109.2,111.78 3 0
service-courier/internal/mocks/delivery_repository.go:111.78,113.3 1 0
service-courier/internal/mocks/delivery_repository.go:114.2,114.69 1 0
service-courier/internal/mocks/delivery_repository.go:114.69,116.3 1 0
service-courier/internal/mocks/delivery_repository.go:116.8,117.24 1 0
service-courier/internal/mocks/delivery_repository.go:117.24,119.4 1 0
service-courier/internal/mocks/delivery_repository.go:122.2,122.60 1 0
service-courier/internal/mocks/delivery_repository.go:122.60,124.3 1 0
service-courier/internal/mocks/delivery_repository.go:124.8,126.3 1 0
service-courier/internal/mocks/delivery_repository.go:128.2,128.15 1 0
service-courier/internal/mocks/delivery_repository.go:132.114,135.19 2 0
service-courier/internal/mocks/delivery_repository.go:135.19,136.62 1 0
service-courier/internal/mocks/delivery_repository.go:139.2,141.87 3 0
service-courier/internal/mocks/delivery_repository.go:141.87,143.3 1 0
service-courier/internal/mocks/delivery_repository.go:144.2,144.78 1 0
service-courier/internal/mocks/delivery_repository.go:144.78,146.3 1 0
service-courier/internal/mocks/delivery_repository.go:146.8,147.24 1 0
service-courier/internal/mocks/delivery_repository.go:147.24,149.4 1 0
service-courier/internal/mocks/delivery_repository.go:152.2,152.68 1 0
service-courier/internal/mocks/delivery_repository.go:152.68,154.3 1 0
service-courier/internal/mocks/delivery_repository.go:154.8,156.3 1 0
service-courier/internal/mocks/delivery_repository.go:158.2,158.15 1 0
service-courier/internal/mocks/delivery_repository.go:162.100,165.19 2 0
service-courier/internal/mocks/delivery_repository.go:165.19,166.62 1 0
service-courier/internal/mocks/delivery_repository.go:169.2,171.81 3 0
service-courier/internal/mocks/delivery_repository.go:171.81,173.3 1 0
service-courier/internal/mocks/delivery_repository.go:174.2,174.72 1 0
service-courier/internal/mocks/delivery_repository.go:174.72,176.3 1 0
service-courier/internal/mocks/delivery_repository.go:176.8,177.24 1 0
service-courier/internal/mocks/delivery_repository.go:177.24,179.4 1 0
service-courier/internal/mocks/delivery_repository.go:182.2,182.60 1 0
service-courier/internal/mocks/delivery_repository.go:182.60,184.3 1 0
service-courier/internal/mocks/delivery_repository.go:184.8,186.3 1 0
service-courier/internal/mocks/delivery_repository.go:188.2,188.15 1 0
service-courier/internal/mocks/delivery_repository.go:196.24,200.19 3 0
service-courier/internal/mocks/delivery_repository.go:200.19,200.49 1 0
service-courier/internal/mocks/delivery_repository.go:202.2,202.13 1 0
service-courier/internal/mocks/delivery_service.go:18.120,21.19 2 0
service-courier/internal/mocks/delivery_service.go:21.19,22.55 1 0
service-courier/internal/mocks/delivery_service.go:25.2,27.107 3 0
service-courier/internal/mocks/delivery_service.go:27.107,29.3 1 0
service-courier/internal/mocks/delivery_service.go:30.2,30.98 1 0
service-courier/internal/mocks/delivery_service.go:30.98,32.3 1 0
service-courier/internal/mocks/delivery_service.go:32.8,33.24 1 0
service-courier/internal/mocks/delivery_service.go:33.24,35.4 1 0
service-courier/internal/mocks/delivery_service.go:38.2,38.82 1 0
service-courier/internal/mocks/delivery_service.go:38.82,40.3 1 0
service-courier/internal/mocks/delivery_service.go:40.8,42.3 1 0
service-courier/internal/mocks/delivery_service.go:44.2,44.15 1 0
service-courier/internal/mocks/delivery_service.go:48.126,51.19 2 0
service-courier/internal/mocks/delivery_service.go:51.19,52.57 1 0
service-courier/internal/mocks/delivery_service.go:55.2,57.111 3 0
service-courier/internal/mocks/delivery_service.go:57.111,59.3 1 0
service-courier/internal/mocks/delivery_service.go:60.2,60.102 1 0
service-courier/internal/mocks/delivery_service.go:60.102,62.3 1 0
service-courier/internal/mocks/delivery_service.go:62.8,63.24 1 0
service-courier/internal/mocks/delivery_service.go:63.24,65.4 1 0
service-courier/internal/mocks/delivery_service.go:68.2,68.84 1 0
service-courier/internal/mocks/delivery_service.go:68.84,70.3 1 0
service-courier/internal/mocks/delivery_service.go:70.8,72.3 1 0
service-courier/internal/mocks/delivery_service.go:74.2,74.15 1 0
service-courier/internal/mocks/delivery_service.go:82.21,86.19 3 0
service-courier/internal/mocks/delivery_service.go:86.19,86.49 1 0
service-courier/internal/mocks/delivery_service.go:88.2,88.13 1 0
service-courier/pkg/server/server.go:14.13,16.2 1 0
service-courier/pkg/server/server.go:18.44,27.12 4 0
service-courier/pkg/server/server.go:27.12,29.77 2 0
service-courier/pkg/server/server.go:29.77,31.4 1 0
service-courier/pkg/server/server.go:34.2,41.27 5 0
